<?xml version="1.0" encoding="UTF-8" ?>
<testsuite tests="2" failures="0" name="com.aqm.validations.TestCalculator.NewTest" time="0" errors="0" skipped="0">
  <properties>
    <property name="java.runtime.name" value="Java(TM) SE Runtime Environment"/>
    <property name="java.vm.version" value="17.0.10+11-LTS-240"/>
    <property name="sun.boot.library.path" value="D:\jdk-17.0.10\bin"/>
    <property name="maven.multiModuleProjectDirectory" value="D:\Users\Premchand\eclipse-workspace\devOps"/>
    <property name="java.vm.vendor" value="Oracle Corporation"/>
    <property name="java.vendor.url" value="https://java.oracle.com/"/>
    <property name="guice.disable.misplaced.annotation.check" value="true"/>
    <property name="path.separator" value=";"/>
    <property name="java.vm.name" value="Java HotSpot(TM) 64-Bit Server VM"/>
    <property name="sun.os.patch.level" value=""/>
    <property name="user.script" value=""/>
    <property name="user.country" value="US"/>
    <property name="sun.java.launcher" value="SUN_STANDARD"/>
    <property name="java.vm.specification.name" value="Java Virtual Machine Specification"/>
    <property name="user.dir" value="D:\Users\Premchand\eclipse-workspace\devOps"/>
    <property name="java.vm.compressedOopsMode" value="32-bit"/>
    <property name="java.runtime.version" value="17.0.10+11-LTS-240"/>
    <property name="os.arch" value="amd64"/>
    <property name="java.io.tmpdir" value="D:\Users\Premchand.Vishwakarm\AppData\Local\Temp\"/>
    <property name="line.separator" value="
"/>
    <property name="java.vm.specification.vendor" value="Oracle Corporation"/>
    <property name="user.variant" value=""/>
    <property name="os.name" value="Windows 11"/>
    <property name="classworlds.conf" value="D:\Users\Premchand.Vishwakarm\Desktop\SelJars\apache-maven-3.8.6-bin\bin\m2.conf"/>
    <property name="sun.jnu.encoding" value="Cp1252"/>
    <property name="java.library.path" value="D:\jdk-17.0.10\bin;C:\Windows\Sun\Java\bin;C:\Windows\system32;C:\Windows;D:\jdk-17.0.10/bin;D:\jdk-17.0.10/bin;C:\Windows\system32;C:\Windows;C:\Windows\System32\Wbem;C:\Windows\System32\WindowsPowerShell\v1.0\;C:\Windows\System32\OpenSSH\;C:\Program Files\Git\cmd;D:\Users\Premchand.Vishwakarm\AppData\Local\Microsoft\WindowsApps;D:\jdk-17.0.10\bin;D:\Users\Premchand.Vishwakarm\Desktop\SelJars\apache-maven-3.8.6-bin\bin;D:\Git\cmd;D:\Users\Premchand.Vishwakarm\AppData\Local\Microsoft\WinGet\Packages\Schniz.fnm_Microsoft.Winget.Source_8wekyb3d8bbwe;D:\Users\Premchand.Vishwakarm\Downloads\node-v20.14.0-win-x64\node-v20.14.0-win-x64;D:\SDK2\Sdk\platform-tools;;."/>
    <property name="maven.conf" value="D:\Users\Premchand.Vishwakarm\Desktop\SelJars\apache-maven-3.8.6-bin/conf"/>
    <property name="jdk.debug" value="release"/>
    <property name="java.class.version" value="61.0"/>
    <property name="java.specification.name" value="Java Platform API Specification"/>
    <property name="sun.management.compiler" value="HotSpot 64-Bit Tiered Compilers"/>
    <property name="os.version" value="10.0"/>
    <property name="library.jansi.path" value="D:\Users\Premchand.Vishwakarm\Desktop\SelJars\apache-maven-3.8.6-bin\lib\jansi-native"/>
    <property name="user.home" value="D:\Users\Premchand.Vishwakarm"/>
    <property name="user.timezone" value="Asia/Calcutta"/>
    <property name="file.encoding" value="Cp1252"/>
    <property name="java.specification.version" value="17"/>
    <property name="user.name" value="Premchand.Vishwakarm"/>
    <property name="java.class.path" value="D:\Users\Premchand.Vishwakarm\Desktop\SelJars\apache-maven-3.8.6-bin\boot\plexus-classworlds-2.6.0.jar"/>
    <property name="java.vm.specification.version" value="17"/>
    <property name="sun.arch.data.model" value="64"/>
    <property name="sun.java.command" value="org.codehaus.plexus.classworlds.launcher.Launcher install"/>
    <property name="java.home" value="D:\jdk-17.0.10"/>
    <property name="user.language" value="en"/>
    <property name="java.specification.vendor" value="Oracle Corporation"/>
    <property name="java.vm.info" value="mixed mode, sharing"/>
    <property name="java.version" value="17.0.10"/>
    <property name="native.encoding" value="Cp1252"/>
    <property name="java.vendor" value="Oracle Corporation"/>
    <property name="maven.home" value="D:\Users\Premchand.Vishwakarm\Desktop\SelJars\apache-maven-3.8.6-bin"/>
    <property name="file.separator" value="\"/>
    <property name="java.version.date" value="2024-01-16"/>
    <property name="java.vendor.url.bug" value="https://bugreport.java.com/bugreport/"/>
    <property name="sun.io.unicode.encoding" value="UnicodeLittle"/>
    <property name="sun.cpu.endian" value="little"/>
    <property name="sun.cpu.isalist" value="amd64"/>
  </properties>
  <testcase classname="com.aqm.validations.TestCalculator.NewTest" name="addTest" time="0"/>
  <testcase classname="com.aqm.validations.TestCalculator.NewTest" name="subTest" time="0"/>
</testsuite>