<?xml version="1.0" encoding="UTF-8"?>
<!-- Generated by org.testng.reporters.JUnitReportReporter -->
<testsuite hostname="AQMIT-LPT-10781" failures="0" tests="2" name="com.aqm.validations.TestCalculator.NewTest" time="0.000" errors="0" timestamp="13 Jun 2024 10:46:01 GMT" skipped="0">
  <testcase classname="com.aqm.validations.TestCalculator.NewTest" name="subTest" time="0.000"/>
  <testcase classname="com.aqm.validations.TestCalculator.NewTest" name="addTest" time="0.000"/>
</testsuite> <!-- com.aqm.validations.TestCalculator.NewTest -->
